<?xml version="1.0" encoding="UTF-8" standalone="no"?>
<testsuite failures="0" name="cucumber.runtime.formatter.JUnitFormatter" skipped="0" tests="1" time="37.26497">
    <testcase classname="Deal data creation" name="Free CRM Create a new deal Scenario" time="37.26497">
        <system-out>
            <![CDATA[Given User is already on Login Page.........................................passed
When title of login page is Cogmento CRM....................................passed
Then user enter username and password.......................................passed
Then user click on login button.............................................passed
Then user is on home page...................................................passed
Then user moves to new deal page............................................passed
Then user enters deal details...............................................passed
Then close the browser......................................................passed
]]>
        </system-out>
    </testcase>
</testsuite>
